[0m23:28:21.775602 [debug] [MainThread]: Sending event: {'category': 'dbt', 'action': 'invocation', 'label': 'start', 'context': [<snowplow_tracker.self_describing_json.SelfDescribingJson object at 0x7fa8459a5fd0>, <snowplow_tracker.self_describing_json.SelfDescribingJson object at 0x7fa8443050a0>, <snowplow_tracker.self_describing_json.SelfDescribingJson object at 0x7fa844305100>]}


============================== 23:28:21.782594 | 2bd196f1-2b8f-4236-848f-cc3a0c687eb7 ==============================
[0m23:28:21.782594 [info ] [MainThread]: Running with dbt=1.5.6
[0m23:28:21.783759 [debug] [MainThread]: running dbt with arguments {'printer_width': '80', 'indirect_selection': 'eager', 'log_cache_events': 'False', 'write_json': 'True', 'partial_parse': 'True', 'cache_selected_only': 'False', 'profiles_dir': '/root/.dbt', 'version_check': 'True', 'fail_fast': 'False', 'log_path': 'logs', 'warn_error': 'None', 'debug': 'False', 'use_colors': 'True', 'use_experimental_parser': 'False', 'no_print': 'None', 'quiet': 'False', 'log_format': 'default', 'static_parser': 'True', 'introspect': 'True', 'warn_error_options': 'WarnErrorOptions(include=[], exclude=[])', 'target_path': 'None', 'send_anonymous_usage_stats': 'True'}
[0m23:28:21.785503 [debug] [MainThread]: Starter project path: /usr/local/lib/python3.9/site-packages/dbt/include/starter_project
[0m23:29:43.285545 [info ] [MainThread]: Profile hoanganh_test written to /root/.dbt/profiles.yml using target's profile_template.yml and your supplied values. Run 'dbt debug' to validate the connection.
[0m23:29:43.288073 [info ] [MainThread]: 
Your new dbt project "hoanganh_test" was created!

For more information on how to configure the profiles.yml file,
please consult the dbt documentation here:

  https://docs.getdbt.com/docs/configure-your-profile

One more thing:

Need help? Don't hesitate to reach out to us via GitHub issues or on Slack:

  https://community.getdbt.com/

Happy modeling!

[0m23:29:43.289866 [debug] [MainThread]: Command `dbt init` succeeded at 23:29:43.289590 after 81.54 seconds
[0m23:29:43.290702 [debug] [MainThread]: Sending event: {'category': 'dbt', 'action': 'invocation', 'label': 'end', 'context': [<snowplow_tracker.self_describing_json.SelfDescribingJson object at 0x7fa8459a5fd0>, <snowplow_tracker.self_describing_json.SelfDescribingJson object at 0x7fa8442ee430>, <snowplow_tracker.self_describing_json.SelfDescribingJson object at 0x7fa8442ee700>]}
[0m23:29:43.291604 [debug] [MainThread]: Flushing usage events
[0m23:30:01.859395 [debug] [MainThread]: Sending event: {'category': 'dbt', 'action': 'invocation', 'label': 'start', 'context': [<snowplow_tracker.self_describing_json.SelfDescribingJson object at 0x7f41a1eacfd0>, <snowplow_tracker.self_describing_json.SelfDescribingJson object at 0x7f41a080c0a0>, <snowplow_tracker.self_describing_json.SelfDescribingJson object at 0x7f41a080c100>]}


============================== 23:30:01.867323 | 65e1f299-3a28-4029-a04a-41c5d4159893 ==============================
[0m23:30:01.867323 [info ] [MainThread]: Running with dbt=1.5.6
[0m23:30:01.868633 [debug] [MainThread]: running dbt with arguments {'printer_width': '80', 'indirect_selection': 'eager', 'log_cache_events': 'False', 'write_json': 'True', 'partial_parse': 'True', 'cache_selected_only': 'False', 'warn_error': 'None', 'version_check': 'True', 'profiles_dir': '/root/.dbt', 'log_path': 'logs', 'fail_fast': 'False', 'debug': 'False', 'use_colors': 'True', 'use_experimental_parser': 'False', 'no_print': 'None', 'quiet': 'False', 'warn_error_options': 'WarnErrorOptions(include=[], exclude=[])', 'introspect': 'True', 'static_parser': 'True', 'log_format': 'default', 'target_path': 'None', 'send_anonymous_usage_stats': 'True'}
[0m23:30:01.869515 [info ] [MainThread]: dbt version: 1.5.6
[0m23:30:01.870209 [info ] [MainThread]: python version: 3.9.16
[0m23:30:01.870785 [info ] [MainThread]: python path: /usr/bin/python3.9
[0m23:30:01.871365 [info ] [MainThread]: os info: Linux-5.15.0-103.114.4.el8uek.x86_64-x86_64-with-glibc2.28
[0m23:30:01.871929 [info ] [MainThread]: Using profiles.yml file at /root/.dbt/profiles.yml
[0m23:30:01.872571 [info ] [MainThread]: Using dbt_project.yml file at /root/ha/dbt/dbt_project.yml
[0m23:30:01.873311 [info ] [MainThread]: Configuration:
[0m23:30:01.950785 [info ] [MainThread]:   profiles.yml file [[32mOK found and valid[0m]
[0m23:30:01.951533 [info ] [MainThread]:   dbt_project.yml file [[31mERROR not found[0m]
[0m23:30:01.952157 [info ] [MainThread]: Required dependencies:
[0m23:30:01.952803 [debug] [MainThread]: Executing "git --help"
[0m23:30:01.964391 [debug] [MainThread]: STDOUT: "b"usage: git [-v | --version] [-h | --help] [-C <path>] [-c <name>=<value>]\n           [--exec-path[=<path>]] [--html-path] [--man-path] [--info-path]\n           [-p | --paginate | -P | --no-pager] [--no-replace-objects] [--bare]\n           [--git-dir=<path>] [--work-tree=<path>] [--namespace=<name>]\n           [--super-prefix=<path>] [--config-env=<name>=<envvar>]\n           <command> [<args>]\n\nThese are common Git commands used in various situations:\n\nstart a working area (see also: git help tutorial)\n   clone     Clone a repository into a new directory\n   init      Create an empty Git repository or reinitialize an existing one\n\nwork on the current change (see also: git help everyday)\n   add       Add file contents to the index\n   mv        Move or rename a file, a directory, or a symlink\n   restore   Restore working tree files\n   rm        Remove files from the working tree and from the index\n\nexamine the history and state (see also: git help revisions)\n   bisect    Use binary search to find the commit that introduced a bug\n   diff      Show changes between commits, commit and working tree, etc\n   grep      Print lines matching a pattern\n   log       Show commit logs\n   show      Show various types of objects\n   status    Show the working tree status\n\ngrow, mark and tweak your common history\n   branch    List, create, or delete branches\n   commit    Record changes to the repository\n   merge     Join two or more development histories together\n   rebase    Reapply commits on top of another base tip\n   reset     Reset current HEAD to the specified state\n   switch    Switch branches\n   tag       Create, list, delete or verify a tag object signed with GPG\n\ncollaborate (see also: git help workflows)\n   fetch     Download objects and refs from another repository\n   pull      Fetch from and integrate with another repository or a local branch\n   push      Update remote refs along with associated objects\n\n'git help -a' and 'git help -g' list available subcommands and some\nconcept guides. See 'git help <command>' or 'git help <concept>'\nto read about a specific subcommand or concept.\nSee 'git help git' for an overview of the system.\n""
[0m23:30:01.965900 [debug] [MainThread]: STDERR: "b''"
[0m23:30:01.966502 [info ] [MainThread]:  - git [[32mOK found[0m]

[0m23:30:01.967272 [info ] [MainThread]: [31m1 check failed:[0m
[0m23:30:01.968137 [info ] [MainThread]: Could not load dbt_project.yml

[0m23:30:01.970007 [debug] [MainThread]: Command `dbt debug` failed at 23:30:01.969769 after 0.14 seconds
[0m23:30:01.970853 [debug] [MainThread]: Sending event: {'category': 'dbt', 'action': 'invocation', 'label': 'end', 'context': [<snowplow_tracker.self_describing_json.SelfDescribingJson object at 0x7f41a1eacfd0>, <snowplow_tracker.self_describing_json.SelfDescribingJson object at 0x7f41a080c5b0>, <snowplow_tracker.self_describing_json.SelfDescribingJson object at 0x7f41a0794d90>]}
[0m23:30:01.971697 [debug] [MainThread]: Flushing usage events
[0m23:30:08.442479 [debug] [MainThread]: Error sending anonymous usage statistics. Disabling tracking for this execution. If you wish to permanently disable tracking, see: https://docs.getdbt.com/reference/global-configs#send-anonymous-usage-stats.
[0m23:18:39.544398 [debug] [MainThread]: Sending event: {'category': 'dbt', 'action': 'invocation', 'label': 'start', 'context': [<snowplow_tracker.self_describing_json.SelfDescribingJson object at 0x7f1a4fa9af40>, <snowplow_tracker.self_describing_json.SelfDescribingJson object at 0x7f1a4e4200a0>, <snowplow_tracker.self_describing_json.SelfDescribingJson object at 0x7f1a4e420100>]}


============================== 23:18:39.551799 | 63a3e5d4-bc2d-401a-89ad-83bbaaa91128 ==============================
[0m23:18:39.551799 [info ] [MainThread]: Running with dbt=1.5.6
[0m23:18:39.552744 [debug] [MainThread]: running dbt with arguments {'printer_width': '80', 'indirect_selection': 'eager', 'log_cache_events': 'False', 'write_json': 'True', 'partial_parse': 'True', 'cache_selected_only': 'False', 'profiles_dir': '/root/.dbt', 'version_check': 'True', 'fail_fast': 'False', 'log_path': 'logs', 'warn_error': 'None', 'debug': 'False', 'use_colors': 'True', 'use_experimental_parser': 'False', 'no_print': 'None', 'quiet': 'False', 'warn_error_options': 'WarnErrorOptions(include=[], exclude=[])', 'static_parser': 'True', 'introspect': 'True', 'log_format': 'default', 'target_path': 'None', 'send_anonymous_usage_stats': 'True'}
[0m23:19:27.441267 [error] [MainThread]: Encountered an error:

[0m23:19:27.450916 [error] [MainThread]: Traceback (most recent call last):
  File "/usr/local/lib/python3.9/site-packages/dbt/cli/requires.py", line 86, in wrapper
    result, success = func(*args, **kwargs)
  File "/usr/local/lib/python3.9/site-packages/dbt/cli/requires.py", line 71, in wrapper
    return func(*args, **kwargs)
  File "/usr/local/lib/python3.9/site-packages/dbt/cli/main.py", line 460, in init
    results = task.run()
  File "/usr/local/lib/python3.9/site-packages/dbt/task/init.py", line 288, in run
    project_name = self.get_valid_project_name()
  File "/usr/local/lib/python3.9/site-packages/dbt/task/init.py", line 243, in get_valid_project_name
    name = click.prompt("Enter a name for your project (letters, digits, underscore)")
  File "/usr/local/lib/python3.9/site-packages/click/termui.py", line 164, in prompt
    value = prompt_func(prompt)
  File "/usr/local/lib/python3.9/site-packages/click/termui.py", line 147, in prompt_func
    raise Abort() from None
click.exceptions.Abort

[0m23:19:27.454878 [debug] [MainThread]: Command `dbt init` failed at 23:19:27.454466 after 47.93 seconds
[0m23:19:27.456003 [debug] [MainThread]: Sending event: {'category': 'dbt', 'action': 'invocation', 'label': 'end', 'context': [<snowplow_tracker.self_describing_json.SelfDescribingJson object at 0x7f1a4fa9af40>, <snowplow_tracker.self_describing_json.SelfDescribingJson object at 0x7f1a4e4204f0>, <snowplow_tracker.self_describing_json.SelfDescribingJson object at 0x7f1a4e420550>]}
[0m23:19:27.457100 [debug] [MainThread]: Flushing usage events
[0m23:19:38.965449 [debug] [MainThread]: Sending event: {'category': 'dbt', 'action': 'invocation', 'label': 'start', 'context': [<snowplow_tracker.self_describing_json.SelfDescribingJson object at 0x7f5bab90ff40>, <snowplow_tracker.self_describing_json.SelfDescribingJson object at 0x7f5baa2960a0>, <snowplow_tracker.self_describing_json.SelfDescribingJson object at 0x7f5baa296100>]}


============================== 23:19:38.971124 | 0c94164e-f701-44df-859a-3e6965cb41f6 ==============================
[0m23:19:38.971124 [info ] [MainThread]: Running with dbt=1.5.6
[0m23:19:38.972074 [debug] [MainThread]: running dbt with arguments {'printer_width': '80', 'indirect_selection': 'eager', 'log_cache_events': 'False', 'write_json': 'True', 'partial_parse': 'True', 'cache_selected_only': 'False', 'warn_error': 'None', 'debug': 'False', 'fail_fast': 'False', 'log_path': 'logs', 'version_check': 'True', 'profiles_dir': '/root/.dbt', 'use_colors': 'True', 'use_experimental_parser': 'False', 'no_print': 'None', 'quiet': 'False', 'warn_error_options': 'WarnErrorOptions(include=[], exclude=[])', 'introspect': 'True', 'static_parser': 'True', 'log_format': 'default', 'target_path': 'None', 'send_anonymous_usage_stats': 'True'}
[0m23:19:46.562017 [debug] [MainThread]: Starter project path: /usr/local/lib/python3.9/site-packages/dbt/include/starter_project
[0m23:21:21.055808 [info ] [MainThread]: Profile demo_dbt written to /root/.dbt/profiles.yml using target's profile_template.yml and your supplied values. Run 'dbt debug' to validate the connection.
[0m23:21:21.057740 [info ] [MainThread]: 
Your new dbt project "demo_dbt" was created!

For more information on how to configure the profiles.yml file,
please consult the dbt documentation here:

  https://docs.getdbt.com/docs/configure-your-profile

One more thing:

Need help? Don't hesitate to reach out to us via GitHub issues or on Slack:

  https://community.getdbt.com/

Happy modeling!

[0m23:21:21.059430 [debug] [MainThread]: Command `dbt init` succeeded at 23:21:21.058995 after 102.11 seconds
[0m23:21:21.060355 [debug] [MainThread]: Sending event: {'category': 'dbt', 'action': 'invocation', 'label': 'end', 'context': [<snowplow_tracker.self_describing_json.SelfDescribingJson object at 0x7f5bab90ff40>, <snowplow_tracker.self_describing_json.SelfDescribingJson object at 0x7f5baa2962e0>, <snowplow_tracker.self_describing_json.SelfDescribingJson object at 0x7f5baa296250>]}
[0m23:21:21.061316 [debug] [MainThread]: Flushing usage events
[0m06:10:37.073711 [debug] [MainThread]: Sending event: {'category': 'dbt', 'action': 'invocation', 'label': 'start', 'context': [<snowplow_tracker.self_describing_json.SelfDescribingJson object at 0x7fdff6204d60>, <snowplow_tracker.self_describing_json.SelfDescribingJson object at 0x7fdff4b650a0>, <snowplow_tracker.self_describing_json.SelfDescribingJson object at 0x7fdff4b65100>]}


============================== 06:10:37.081264 | 15ffd6ba-74e8-4066-849a-c56d68e8440f ==============================
[0m06:10:37.081264 [info ] [MainThread]: Running with dbt=1.5.6
[0m06:10:37.082440 [debug] [MainThread]: running dbt with arguments {'printer_width': '80', 'indirect_selection': 'eager', 'write_json': 'True', 'log_cache_events': 'False', 'partial_parse': 'True', 'cache_selected_only': 'False', 'warn_error': 'None', 'version_check': 'True', 'profiles_dir': '/root/.dbt', 'log_path': 'logs', 'fail_fast': 'False', 'debug': 'False', 'use_colors': 'True', 'use_experimental_parser': 'False', 'no_print': 'None', 'quiet': 'False', 'log_format': 'default', 'introspect': 'True', 'static_parser': 'True', 'warn_error_options': 'WarnErrorOptions(include=[], exclude=[])', 'target_path': 'None', 'send_anonymous_usage_stats': 'True'}
[0m06:11:19.027418 [debug] [MainThread]: Starter project path: /usr/local/lib/python3.9/site-packages/dbt/include/starter_project
[0m06:12:35.483777 [info ] [MainThread]: Profile batch_etl written to /root/.dbt/profiles.yml using target's profile_template.yml and your supplied values. Run 'dbt debug' to validate the connection.
[0m06:12:35.485115 [info ] [MainThread]: 
Your new dbt project "batch_etl" was created!

For more information on how to configure the profiles.yml file,
please consult the dbt documentation here:

  https://docs.getdbt.com/docs/configure-your-profile

One more thing:

Need help? Don't hesitate to reach out to us via GitHub issues or on Slack:

  https://community.getdbt.com/

Happy modeling!

[0m06:12:35.487105 [debug] [MainThread]: Command `dbt init` succeeded at 06:12:35.486801 after 118.44 seconds
[0m06:12:35.487961 [debug] [MainThread]: Sending event: {'category': 'dbt', 'action': 'invocation', 'label': 'end', 'context': [<snowplow_tracker.self_describing_json.SelfDescribingJson object at 0x7fdff6204d60>, <snowplow_tracker.self_describing_json.SelfDescribingJson object at 0x7fdff4b65370>, <snowplow_tracker.self_describing_json.SelfDescribingJson object at 0x7fdff4b652e0>]}
[0m06:12:35.489015 [debug] [MainThread]: Flushing usage events
[0m06:30:09.858033 [debug] [MainThread]: Sending event: {'category': 'dbt', 'action': 'invocation', 'label': 'start', 'context': [<snowplow_tracker.self_describing_json.SelfDescribingJson object at 0x7f106e91dd60>, <snowplow_tracker.self_describing_json.SelfDescribingJson object at 0x7f106d27d0a0>, <snowplow_tracker.self_describing_json.SelfDescribingJson object at 0x7f106d27d100>]}


============================== 06:30:09.863771 | 8d2d1267-680a-4c2a-994d-465afd9a14c7 ==============================
[0m06:30:09.863771 [info ] [MainThread]: Running with dbt=1.5.6
[0m06:30:09.865326 [debug] [MainThread]: running dbt with arguments {'printer_width': '80', 'indirect_selection': 'eager', 'write_json': 'True', 'log_cache_events': 'False', 'partial_parse': 'True', 'cache_selected_only': 'False', 'profiles_dir': '/root/.dbt', 'version_check': 'True', 'warn_error': 'None', 'log_path': 'logs', 'fail_fast': 'False', 'debug': 'False', 'use_colors': 'True', 'use_experimental_parser': 'False', 'no_print': 'None', 'quiet': 'False', 'log_format': 'default', 'introspect': 'True', 'warn_error_options': 'WarnErrorOptions(include=[], exclude=[])', 'static_parser': 'True', 'target_path': 'None', 'send_anonymous_usage_stats': 'True'}
[0m06:30:13.418866 [debug] [MainThread]: Starter project path: /usr/local/lib/python3.9/site-packages/dbt/include/starter_project
[0m06:31:19.016743 [info ] [MainThread]: Profile test_cc written to /root/.dbt/profiles.yml using target's profile_template.yml and your supplied values. Run 'dbt debug' to validate the connection.
[0m06:31:19.018462 [info ] [MainThread]: 
Your new dbt project "test_cc" was created!

For more information on how to configure the profiles.yml file,
please consult the dbt documentation here:

  https://docs.getdbt.com/docs/configure-your-profile

One more thing:

Need help? Don't hesitate to reach out to us via GitHub issues or on Slack:

  https://community.getdbt.com/

Happy modeling!

[0m06:31:19.020346 [debug] [MainThread]: Command `dbt init` succeeded at 06:31:19.019986 after 69.18 seconds
[0m06:31:19.021380 [debug] [MainThread]: Sending event: {'category': 'dbt', 'action': 'invocation', 'label': 'end', 'context': [<snowplow_tracker.self_describing_json.SelfDescribingJson object at 0x7f106e91dd60>, <snowplow_tracker.self_describing_json.SelfDescribingJson object at 0x7f106d27d370>, <snowplow_tracker.self_describing_json.SelfDescribingJson object at 0x7f106d27d2e0>]}
[0m06:31:19.022454 [debug] [MainThread]: Flushing usage events
